<?xml version="1.0" encoding="UTF-8"?>
<!-- Generated by org.testng.reporters.JUnitReportReporter -->
<testsuite hostname="LAPTOP-4L58HUOG" failures="0" tests="3" name="testNG.DataProviderPractice" time="0.012" errors="0" timestamp="2023-07-17T08:14:59 IST" skipped="0">
  <testcase classname="testNG.DataProviderPractice" name="DataProviderDemo" time="0.001"/>
  <system-out/>
  <testcase classname="testNG.DataProviderPractice" name="DataProviderDemo" time="0.001"/>
  <system-out/>
  <testcase classname="testNG.DataProviderPractice" name="DataProviderDemo" time="0.010"/>
  <system-out/>
</testsuite> <!-- testNG.DataProviderPractice -->
