<?xml version="1.0" encoding="UTF-8"?>
<!-- Generated by org.testng.reporters.JUnitReportReporter -->
<testsuite hostname="LAPTOP-4L58HUOG" failures="0" tests="5" name="testNG.TestNGPractice" time="0.020" errors="0" timestamp="2023-07-15T07:36:54 IST" skipped="0">
  <testcase classname="testNG.TestNGPractice" name="a" time="0.012"/>
  <system-out/>
  <testcase classname="testNG.TestNGPractice" name="d" time="0.001"/>
  <system-out/>
  <testcase classname="testNG.TestNGPractice" name="hi" time="0.003"/>
  <system-out/>
  <testcase classname="testNG.TestNGPractice" name="gm" time="0.002"/>
  <system-out/>
  <testcase classname="testNG.TestNGPractice" name="hello" time="0.002"/>
  <system-out/>
</testsuite> <!-- testNG.TestNGPractice -->
