<?xml version="1.0" encoding="UTF-8"?>
<!-- Generated by org.testng.reporters.JUnitReportReporter -->
<testsuite hostname="LAPTOP-4L58HUOG" failures="0" tests="1" name="testNG.Sample" time="0.016" errors="0" timestamp="2023-07-15T07:19:05 IST" skipped="0">
  <testcase classname="testNG.Sample" name="sampletEst" time="0.016"/>
  <system-out/>
</testsuite> <!-- testNG.Sample -->
