<?xml version="1.0" encoding="UTF-8"?>
<!-- Generated by org.testng.reporters.JUnitReportReporter -->
<testsuite hostname="LAPTOP-4L58HUOG" failures="0" tests="1" name="testNG.ActiTimeLoginTest" time="9.308" errors="0" timestamp="2023-07-15T08:55:22 IST" skipped="0">
  <testcase classname="testNG.ActiTimeLoginTest" name="LoginTest" time="9.308"/>
  <system-out/>
</testsuite> <!-- testNG.ActiTimeLoginTest -->
