<?xml version="1.0" encoding="UTF-8"?>
<!-- Generated by org.testng.reporters.JUnitReportReporter -->
<testsuite hostname="LAPTOP-4L58HUOG" failures="0" tests="1" name="testNG.TestNGPracticeTest" time="0.011" errors="0" timestamp="2023-07-15T09:13:38 IST" skipped="0">
  <testcase classname="testNG.TestNGPracticeTest" name="a" time="0.011"/>
  <system-out/>
</testsuite> <!-- testNG.TestNGPracticeTest -->
