<?xml version="1.0" encoding="UTF-8"?>
<!-- Generated by org.testng.reporters.JUnitReportReporter -->
<testsuite hostname="LAPTOP-4L58HUOG" failures="0" tests="1" name="testNG.LoginactITimeTest" time="9.977" errors="0" timestamp="2023-07-15T08:52:26 IST" skipped="0">
  <testcase classname="testNG.LoginactITimeTest" name="LoginTest" time="9.977"/>
  <system-out/>
</testsuite> <!-- testNG.LoginactITimeTest -->
