<?xml version="1.0" encoding="UTF-8"?>
<!-- Generated by org.testng.reporters.JUnitReportReporter -->
<testsuite hostname="LAPTOP-4L58HUOG" failures="0" tests="1" name="locators.LoginactITimeTest" time="9.808" errors="0" timestamp="2023-07-15T08:38:33 IST" skipped="0">
  <testcase classname="locators.LoginactITimeTest" name="LoginActiTime" time="9.808"/>
  <system-out/>
</testsuite> <!-- locators.LoginactITimeTest -->
